Flow report for CA6_Quartus
Tue Jul 28 14:07:52 2020
Quartus II 64-Bit Version 13.0.1 Build 232 06/12/2013 Service Pack 1 SJ Web Edition


---------------------
; Table of Contents ;
---------------------
  1. Legal Notice
  2. Flow Summary
  3. Flow Settings
  4. Flow Non-Default Global Settings
  5. Flow Elapsed Time
  6. Flow OS Summary
  7. Flow Log
  8. Flow Messages
  9. Flow Suppressed Messages



----------------
; Legal Notice ;
----------------
Copyright (C) 1991-2013 Altera Corporation
Your use of Altera Corporation's design tools, logic functions 
and other software and tools, and its AMPP partner logic 
functions, and any output files from any of the foregoing 
(including device programming or simulation files), and any 
associated documentation or information are expressly subject 
to the terms and conditions of the Altera Program License 
Subscription Agreement, Altera MegaCore Function License 
Agreement, or other applicable license agreement, including, 
without limitation, that your use is for the sole purpose of 
programming logic devices manufactured by Altera and sold by 
Altera or its authorized distributors.  Please refer to the 
applicable agreement for further details.



+--------------------------------------------------------------------------------------+
; Flow Summary                                                                         ;
+------------------------------------+-------------------------------------------------+
; Flow Status                        ; Successful - Tue Jul 28 14:07:52 2020           ;
; Quartus II 64-Bit Version          ; 13.0.1 Build 232 06/12/2013 SP 1 SJ Web Edition ;
; Revision Name                      ; CA6_Quartus                                     ;
; Top-level Entity Name              ; CA6_Quartus                                     ;
; Family                             ; Cyclone IV GX                                   ;
; Device                             ; EP4CGX15BF14A7                                  ;
; Timing Models                      ; Final                                           ;
; Total logic elements               ; 462 / 14,400 ( 3 % )                            ;
;     Total combinational functions  ; 462 / 14,400 ( 3 % )                            ;
;     Dedicated logic registers      ; 56 / 14,400 ( < 1 % )                           ;
; Total registers                    ; 56                                              ;
; Total pins                         ; 36 / 81 ( 44 % )                                ;
; Total virtual pins                 ; 0                                               ;
; Total memory bits                  ; 128 / 552,960 ( < 1 % )                         ;
; Embedded Multiplier 9-bit elements ; 0                                               ;
; Total GXB Receiver Channel PCS     ; 0 / 2 ( 0 % )                                   ;
; Total GXB Receiver Channel PMA     ; 0 / 2 ( 0 % )                                   ;
; Total GXB Transmitter Channel PCS  ; 0 / 2 ( 0 % )                                   ;
; Total GXB Transmitter Channel PMA  ; 0 / 2 ( 0 % )                                   ;
; Total PLLs                         ; 0 / 3 ( 0 % )                                   ;
+------------------------------------+-------------------------------------------------+


+-----------------------------------------+
; Flow Settings                           ;
+-------------------+---------------------+
; Option            ; Setting             ;
+-------------------+---------------------+
; Start date & time ; 07/28/2020 14:06:23 ;
; Main task         ; Compilation         ;
; Revision Name     ; CA6_Quartus         ;
+-------------------+---------------------+


+-------------------------------------------------------------------------------------------------------------------+
; Flow Non-Default Global Settings                                                                                  ;
+-------------------------------------+------------------------------+---------------+-------------+----------------+
; Assignment Name                     ; Value                        ; Default Value ; Entity Name ; Section Id     ;
+-------------------------------------+------------------------------+---------------+-------------+----------------+
; COMPILER_SIGNATURE_ID               ; 157818747489.159592898202136 ; --            ; --          ; --             ;
; EDA_OUTPUT_DATA_FORMAT              ; Verilog Hdl                  ; --            ; --          ; eda_simulation ;
; EDA_SIMULATION_TOOL                 ; ModelSim-Altera (Verilog)    ; <None>        ; --          ; --             ;
; IP_TOOL_NAME                        ; ROM: 1-PORT                  ; --            ; --          ; --             ;
; IP_TOOL_VERSION                     ; 13.0                         ; --            ; --          ; --             ;
; MAX_CORE_JUNCTION_TEMP              ; 125                          ; --            ; --          ; --             ;
; MIN_CORE_JUNCTION_TEMP              ; -40                          ; --            ; --          ; --             ;
; MISC_FILE                           ; Rom_1port.bsf                ; --            ; --          ; --             ;
; MISC_FILE                           ; Rom_1port_inst.v             ; --            ; --          ; --             ;
; MISC_FILE                           ; Rom_1port_bb.v               ; --            ; --          ; --             ;
; MISC_FILE                           ; Rom_1port.inc                ; --            ; --          ; --             ;
; MISC_FILE                           ; Rom_1port.cmp                ; --            ; --          ; --             ;
; MISC_FILE                           ; Rom_1port_syn.v              ; --            ; --          ; --             ;
; NOMINAL_CORE_SUPPLY_VOLTAGE         ; 1.2V                         ; --            ; --          ; --             ;
; PARTITION_COLOR                     ; 16764057                     ; --            ; --          ; Top            ;
; PARTITION_FITTER_PRESERVATION_LEVEL ; PLACEMENT_AND_ROUTING        ; --            ; --          ; Top            ;
; PARTITION_NETLIST_TYPE              ; SOURCE                       ; --            ; --          ; Top            ;
; PROJECT_OUTPUT_DIRECTORY            ; output_files                 ; --            ; --          ; --             ;
+-------------------------------------+------------------------------+---------------+-------------+----------------+


+-------------------------------------------------------------------------------------------------------------------------------+
; Flow Elapsed Time                                                                                                             ;
+---------------------------+--------------+-------------------------+---------------------+------------------------------------+
; Module Name               ; Elapsed Time ; Average Processors Used ; Peak Virtual Memory ; Total CPU Time (on all processors) ;
+---------------------------+--------------+-------------------------+---------------------+------------------------------------+
; Analysis & Synthesis      ; 00:00:18     ; 1.0                     ; 4684 MB             ; 00:00:05                           ;
; Fitter                    ; 00:00:38     ; 1.5                     ; 5370 MB             ; 00:00:26                           ;
; Assembler                 ; 00:00:04     ; 1.0                     ; 4626 MB             ; 00:00:03                           ;
; TimeQuest Timing Analyzer ; 00:00:10     ; 1.0                     ; 4648 MB             ; 00:00:06                           ;
; EDA Netlist Writer        ; 00:00:05     ; 1.0                     ; 4594 MB             ; 00:00:03                           ;
; Total                     ; 00:01:15     ; --                      ; --                  ; 00:00:43                           ;
+---------------------------+--------------+-------------------------+---------------------+------------------------------------+


+----------------------------------------------------------------------------------------+
; Flow OS Summary                                                                        ;
+---------------------------+------------------+-----------+------------+----------------+
; Module Name               ; Machine Hostname ; OS Name   ; OS Version ; Processor type ;
+---------------------------+------------------+-----------+------------+----------------+
; Analysis & Synthesis      ; DESKTOP-H7FQQVH  ; Windows 7 ; 6.2        ; x86_64         ;
; Fitter                    ; DESKTOP-H7FQQVH  ; Windows 7 ; 6.2        ; x86_64         ;
; Assembler                 ; DESKTOP-H7FQQVH  ; Windows 7 ; 6.2        ; x86_64         ;
; TimeQuest Timing Analyzer ; DESKTOP-H7FQQVH  ; Windows 7 ; 6.2        ; x86_64         ;
; EDA Netlist Writer        ; DESKTOP-H7FQQVH  ; Windows 7 ; 6.2        ; x86_64         ;
+---------------------------+------------------+-----------+------------+----------------+


------------
; Flow Log ;
------------
quartus_map --read_settings_files=on --write_settings_files=off CA6_Quartus -c CA6_Quartus
quartus_fit --read_settings_files=off --write_settings_files=off CA6_Quartus -c CA6_Quartus
quartus_asm --read_settings_files=off --write_settings_files=off CA6_Quartus -c CA6_Quartus
quartus_sta CA6_Quartus -c CA6_Quartus
quartus_eda --read_settings_files=off --write_settings_files=off CA6_Quartus -c CA6_Quartus



